<?xml version="1.0" encoding="utf-8" ?>
<document>
  <items>
    <item id="0000" />
    <item id="0001" />
    <item id="a000" class="a" />
    <item id="a001" class="a" />
    <item id="a002" class="a" />
    <item id="a003" class="a" />
    <item id="a004" class="a" />
    <item id="a005" class="a" />
    <item id="a006" class="a" />
    <item id="a007" class="a" />
    <item id="a008" class="a" />
    <item id="a009" class="a" />
    <item id="a010" class="a" />
    <item id="a011" class="a" />
    <item id="a012" class="a" />
    <item id="a013" class="a" />
    <item id="a014" class="a" />
    <item id="a015" class="a" />
    <item id="a016" class="a" />
    <item id="a017" class="a" />
    <item id="a018" class="a" />
    <item id="a019" class="a" />
    <item id="a020" class="a" />
    <item id="a021" class="a" />
    <item id="a022" class="a" />
    <item id="a023" class="a" />
    <item id="a024" class="a" />
    <item id="a025" class="a" />
    <item id="a026" class="a" />
    <item id="a027" class="a" />
    <item id="a028" class="a" />
    <item id="a029" class="a" />
    <item id="a030" class="a" />
    <item id="a031" class="a" />
    <item id="a032" class="a" />
    <item id="a033" class="a" />
    <item id="a034" class="a" />
    <item id="a035" class="a" />
    <item id="a036" class="a" />
    <item id="a037" class="a" />
    <item id="a038" class="a" />
    <item id="a039" class="a" />
    <item id="a040" class="a" />
    <item id="a041" class="a" />
    <item id="a042" class="a" />
    <item id="a043" class="a" />
    <item id="a044" class="a" />
    <item id="a045" class="a" />
    <item id="a046" class="a" />
    <item id="a047" class="a" />
    <item id="a048" class="a" />
    <item id="a049" class="a" />
    <item id="a050" class="a" />
    <item id="a051" class="a" />
    <item id="a052" class="a" />
    <item id="a053" class="a" />
    <item id="a054" class="a" />
    <item id="a055" class="a" />
    <item id="a056" class="a" />
    <item id="a057" class="a" />
    <item id="a058" class="a" />
    <item id="a059" class="a" />
    <item id="a060" class="a" />
    <item id="a061" class="a" />
    <item id="a062" class="a" />
    <item id="a063" class="a" />
    <item id="a064" class="a" />
    <item id="a065" class="a" />
    <item id="a066" class="a" />
    <item id="a067" class="a" />
    <item id="a068" class="a" />
    <item id="a069" class="a" />
    <item id="a070" class="a" />
    <item id="a071" class="a" />
    <item id="a072" class="a" />
    <item id="a073" class="a" />
    <item id="a074" class="a" />
    <item id="a075" class="a" />
    <item id="a076" class="a" />
    <item id="a077" class="a" />
    <item id="a078" class="a" />
    <item id="a079" class="a" />
    <item id="a080" class="a" />
    <item id="a081" class="a" />
    <item id="a082" class="a" />
    <item id="a083" class="a" />
    <item id="a084" class="a" />
    <item id="a085" class="a" />
    <item id="a086" class="a" />
    <item id="a087" class="a" />
    <item id="a088" class="a" />
    <item id="a089" class="a" />
    <item id="a090" class="a" />
    <item id="a091" class="a" />
    <item id="a092" class="a" />
    <item id="a093" class="a" />
    <item id="a094" class="a" />
    <item id="a095" class="a" />
    <item id="a096" class="a" />
    <item id="a097" class="a" />
    <item id="a098" class="a" />
    <item id="a099" class="a" />
    <item id="b000" class="b" />
    <item id="b001" class="b" />
    <item id="b002" class="b" />
    <item id="b003" class="b" />
    <item id="b004" class="b" />
    <item id="b005" class="b" />
    <item id="b006" class="b" />
    <item id="b007" class="b" />
    <item id="b008" class="b" />
    <item id="b009" class="b" />
    <item id="b010" class="b" />
    <item id="b011" class="b" />
    <item id="b012" class="b" />
    <item id="b013" class="b" />
    <item id="b014" class="b" />
    <item id="b015" class="b" />
    <item id="b016" class="b" />
    <item id="b017" class="b" />
    <item id="b018" class="b" />
    <item id="b019" class="b" />
    <item id="b020" class="b" />
    <item id="b021" class="b" />
    <item id="b022" class="b" />
    <item id="b023" class="b" />
    <item id="b024" class="b" />
    <item id="b025" class="b" />
    <item id="b026" class="b" />
    <item id="b027" class="b" />
    <item id="b028" class="b" />
    <item id="b029" class="b" />
    <item id="b030" class="b" />
    <item id="b031" class="b" />
    <item id="b032" class="b" />
    <item id="b033" class="b" />
    <item id="b034" class="b" />
    <item id="b035" class="b" />
    <item id="b036" class="b" />
    <item id="b037" class="b" />
    <item id="b038" class="b" />
    <item id="b039" class="b" />
    <item id="b040" class="b" />
    <item id="b041" class="b" />
    <item id="b042" class="b" />
    <item id="b043" class="b" />
    <item id="b044" class="b" />
    <item id="b045" class="b" />
    <item id="b046" class="b" />
    <item id="b047" class="b" />
    <item id="b048" class="b" />
    <item id="b049" class="b" />
    <item id="b050" class="b" />
    <item id="b051" class="b" />
    <item id="b052" class="b" />
    <item id="b053" class="b" />
    <item id="b054" class="b" />
    <item id="b055" class="b" />
    <item id="b056" class="b" />
    <item id="b057" class="b" />
    <item id="b058" class="b" />
    <item id="b059" class="b" />
    <item id="b060" class="b" />
    <item id="b061" class="b" />
    <item id="b062" class="b" />
    <item id="b063" class="b" />
    <item id="b064" class="b" />
    <item id="b065" class="b" />
    <item id="b066" class="b" />
    <item id="b067" class="b" />
    <item id="b068" class="b" />
    <item id="b069" class="b" />
    <item id="b070" class="b" />
    <item id="b071" class="b" />
    <item id="b072" class="b" />
    <item id="b073" class="b" />
    <item id="b074" class="b" />
    <item id="b075" class="b" />
    <item id="b076" class="b" />
    <item id="b077" class="b" />
    <item id="b078" class="b" />
    <item id="b079" class="b" />
    <item id="b080" class="b" />
    <item id="b081" class="b" />
    <item id="b082" class="b" />
    <item id="b083" class="b" />
    <item id="b084" class="b" />
    <item id="b085" class="b" />
    <item id="b086" class="b" />
    <item id="b087" class="b" />
    <item id="b088" class="b" />
    <item id="b089" class="b" />
    <item id="b090" class="b" />
    <item id="b091" class="b" />
    <item id="b092" class="b" />
    <item id="b093" class="b" />
    <item id="b094" class="b" />
    <item id="b095" class="b" />
    <item id="b096" class="b" />
    <item id="b097" class="b" />
    <item id="b098" class="b" />
    <item id="b099" class="b" />

    <item id="c000" class="c" />
    <item id="c001" class="c" />
    <item id="c002" class="c" />
    <item id="c003" class="c" />
    <item id="c004" class="c" />
    <item id="c005" class="c" />
    <item id="c006" class="c" />
    <item id="c007" class="c" />
    <item id="c008" class="c" />
    <item id="c009" class="c" />
    <item id="c010" class="c" />
    <item id="c011" class="c" />
    <item id="c012" class="c" />
    <item id="c013" class="c" />
    <item id="c014" class="c" />
    <item id="c015" class="c" />
    <item id="c016" class="c" />
    <item id="c017" class="c" />
    <item id="c018" class="c" />
    <item id="c019" class="c" />
    <item id="c020" class="c" />
    <item id="c021" class="c" />
    <item id="c022" class="c" />
    <item id="c023" class="c" />
    <item id="c024" class="c" />
    <item id="c025" class="c" />
    <item id="c026" class="c" />
    <item id="c027" class="c" />
    <item id="c028" class="c" />
    <item id="c029" class="c" />
    <item id="c030" class="c" />
    <item id="c031" class="c" />
    <item id="c032" class="c" />
    <item id="c033" class="c" />
    <item id="c034" class="c" />
    <item id="c035" class="c" />
    <item id="c036" class="c" />
    <item id="c037" class="c" />
    <item id="c038" class="c" />
    <item id="c039" class="c" />
    <item id="c040" class="c" />
    <item id="c041" class="c" />
    <item id="c042" class="c" />
    <item id="c043" class="c" />
    <item id="c044" class="c" />
    <item id="c045" class="c" />
    <item id="c046" class="c" />
    <item id="c047" class="c" />
    <item id="c048" class="c" />
    <item id="c049" class="c" />
    <item id="c050" class="c" />
    <item id="c051" class="c" />
    <item id="c052" class="c" />
    <item id="c053" class="c" />
    <item id="c054" class="c" />
    <item id="c055" class="c" />
    <item id="c056" class="c" />
    <item id="c057" class="c" />
    <item id="c058" class="c" />
    <item id="c059" class="c" />
    <item id="c060" class="c" />
    <item id="c061" class="c" />
    <item id="c062" class="c" />
    <item id="c063" class="c" />
    <item id="c064" class="c" />
    <item id="c065" class="c" />
    <item id="c066" class="c" />
    <item id="c067" class="c" />
    <item id="c068" class="c" />
    <item id="c069" class="c" />
    <item id="c070" class="c" />
    <item id="c071" class="c" />
    <item id="c072" class="c" />
    <item id="c073" class="c" />
    <item id="c074" class="c" />
    <item id="c075" class="c" />
    <item id="c076" class="c" />
    <item id="c077" class="c" />
    <item id="c078" class="c" />
    <item id="c079" class="c" />
    <item id="c080" class="c" />
    <item id="c081" class="c" />
    <item id="c082" class="c" />
    <item id="c083" class="c" />
    <item id="c084" class="c" />
    <item id="c085" class="c" />
    <item id="c086" class="c" />
    <item id="c087" class="c" />
    <item id="c088" class="c" />
    <item id="c089" class="c" />
    <item id="c090" class="c" />
    <item id="c091" class="c" />
    <item id="c092" class="c" />
    <item id="c093" class="c" />
    <item id="c094" class="c" />
    <item id="c095" class="c" />
    <item id="c096" class="c" />
    <item id="c097" class="c" />
    <item id="c098" class="c" />
    <item id="c099" class="c" />
    <item id="d000" class="d" />
    <item id="d001" class="d" />
    <item id="d002" class="d" />
    <item id="d003" class="d" />
    <item id="d004" class="d" />
    <item id="d005" class="d" />
    <item id="d006" class="d" />
    <item id="d007" class="d" />
    <item id="d008" class="d" />
    <item id="d009" class="d" />
    <item id="d010" class="d" />
    <item id="d011" class="d" />
    <item id="d012" class="d" />
    <item id="d013" class="d" />
    <item id="d014" class="d" />
    <item id="d015" class="d" />
    <item id="d016" class="d" />
    <item id="d017" class="d" />
    <item id="d018" class="d" />
    <item id="d019" class="d" />
    <item id="d020" class="d" />
    <item id="d021" class="d" />
    <item id="d022" class="d" />
    <item id="d023" class="d" />
    <item id="d024" class="d" />
    <item id="d025" class="d" />
    <item id="d026" class="d" />
    <item id="d027" class="d" />
    <item id="d028" class="d" />
    <item id="d029" class="d" />
    <item id="d030" class="d" />
    <item id="d031" class="d" />
    <item id="d032" class="d" />
    <item id="d033" class="d" />
    <item id="d034" class="d" />
    <item id="d035" class="d" />
    <item id="d036" class="d" />
    <item id="d037" class="d" />
    <item id="d038" class="d" />
    <item id="d039" class="d" />
    <item id="d040" class="d" />
    <item id="d041" class="d" />
    <item id="d042" class="d" />
    <item id="d043" class="d" />
    <item id="d044" class="d" />
    <item id="d045" class="d" />
    <item id="d046" class="d" />
    <item id="d047" class="d" />
    <item id="d048" class="d" />
    <item id="d049" class="d" />
    <item id="d050" class="d" />
    <item id="d051" class="d" />
    <item id="d052" class="d" />
    <item id="d053" class="d" />
    <item id="d054" class="d" />
    <item id="d055" class="d" />
    <item id="d056" class="d" />
    <item id="d057" class="d" />
    <item id="d058" class="d" />
    <item id="d059" class="d" />
    <item id="d060" class="d" />
    <item id="d061" class="d" />
    <item id="d062" class="d" />
    <item id="d063" class="d" />
    <item id="d064" class="d" />
    <item id="d065" class="d" />
    <item id="d066" class="d" />
    <item id="d067" class="d" />
    <item id="d068" class="d" />
    <item id="d069" class="d" />
    <item id="d070" class="d" />
    <item id="d071" class="d" />
    <item id="d072" class="d" />
    <item id="d073" class="d" />
    <item id="d074" class="d" />
    <item id="d075" class="d" />
    <item id="d076" class="d" />
    <item id="d077" class="d" />
    <item id="d078" class="d" />
    <item id="d079" class="d" />
    <item id="d080" class="d" />
    <item id="d081" class="d" />
    <item id="d082" class="d" />
    <item id="d083" class="d" />
    <item id="d084" class="d" />
    <item id="d085" class="d" />
    <item id="d086" class="d" />
    <item id="d087" class="d" />
    <item id="d088" class="d" />
    <item id="d089" class="d" />
    <item id="d090" class="d" />
    <item id="d091" class="d" />
    <item id="d092" class="d" />
    <item id="d093" class="d" />
    <item id="d094" class="d" />
    <item id="d095" class="d" />
    <item id="d096" class="d" />
    <item id="d097" class="d" />
    <item id="d098" class="d" />
    <item id="d099" class="d" />
    <item id="e000" class="e" />
    <item id="e001" class="e" />
    <item id="e002" class="e" />
    <item id="e003" class="e" />
    <item id="e004" class="e" />
    <item id="e005" class="e" />
    <item id="e006" class="e" />
    <item id="e007" class="e" />
    <item id="e008" class="e" />
    <item id="e009" class="e" />
    <item id="e010" class="e" />
    <item id="e011" class="e" />
    <item id="e012" class="e" />
    <item id="e013" class="e" />
    <item id="e014" class="e" />
    <item id="e015" class="e" />
    <item id="e016" class="e" />
    <item id="e017" class="e" />
    <item id="e018" class="e" />
    <item id="e019" class="e" />
    <item id="e020" class="e" />
    <item id="e021" class="e" />
    <item id="e022" class="e" />
    <item id="e023" class="e" />
    <item id="e024" class="e" />
    <item id="e025" class="e" />
    <item id="e026" class="e" />
    <item id="e027" class="e" />
    <item id="e028" class="e" />
    <item id="e029" class="e" />
    <item id="e030" class="e" />
    <item id="e031" class="e" />
    <item id="e032" class="e" />
    <item id="e033" class="e" />
    <item id="e034" class="e" />
    <item id="e035" class="e" />
    <item id="e036" class="e" />
    <item id="e037" class="e" />
    <item id="e038" class="e" />
    <item id="e039" class="e" />
    <item id="e040" class="e" />
    <item id="e041" class="e" />
    <item id="e042" class="e" />
    <item id="e043" class="e" />
    <item id="e044" class="e" />
    <item id="e045" class="e" />
    <item id="e046" class="e" />
    <item id="e047" class="e" />
    <item id="e048" class="e" />
    <item id="e049" class="e" />
    <item id="e050" class="e" />
    <item id="e051" class="e" />
    <item id="e052" class="e" />
    <item id="e053" class="e" />
    <item id="e054" class="e" />
    <item id="e055" class="e" />
    <item id="e056" class="e" />
    <item id="e057" class="e" />
    <item id="e058" class="e" />
    <item id="e059" class="e" />
    <item id="e060" class="e" />
    <item id="e061" class="e" />
    <item id="e062" class="e" />
    <item id="e063" class="e" />
    <item id="e064" class="e" />
    <item id="e065" class="e" />
    <item id="e066" class="e" />
    <item id="e067" class="e" />
    <item id="e068" class="e" />
    <item id="e069" class="e" />
    <item id="e070" class="e" />
    <item id="e071" class="e" />
    <item id="e072" class="e" />
    <item id="e073" class="e" />
    <item id="e074" class="e" />
    <item id="e075" class="e" />
    <item id="e076" class="e" />
    <item id="e077" class="e" />
    <item id="e078" class="e" />
    <item id="e079" class="e" />
    <item id="e080" class="e" />
    <item id="e081" class="e" />
    <item id="e082" class="e" />
    <item id="e083" class="e" />
    <item id="e084" class="e" />
    <item id="e085" class="e" />
    <item id="e086" class="e" />
    <item id="e087" class="e" />
    <item id="e088" class="e" />
    <item id="e089" class="e" />
    <item id="e090" class="e" />
    <item id="e091" class="e" />
    <item id="e092" class="e" />
    <item id="e093" class="e" />
    <item id="e094" class="e" />
    <item id="e095" class="e" />
    <item id="e096" class="e" />
    <item id="e097" class="e" />
    <item id="e098" class="e" />
    <item id="e099" class="e" />

    <item id="a100" class="a" />
    <item id="a101" class="a" />
    <item id="a102" class="a" />
    <item id="a103" class="a" />
    <item id="a104" class="a" />
    <item id="a105" class="a" />
    <item id="a106" class="a" />
    <item id="a107" class="a" />
    <item id="a108" class="a" />
    <item id="a109" class="a" />
    <item id="a110" class="a" />
    <item id="a111" class="a" />
    <item id="a112" class="a" />
    <item id="a113" class="a" />
    <item id="a114" class="a" />
    <item id="a115" class="a" />
    <item id="a116" class="a" />
    <item id="a117" class="a" />
    <item id="a118" class="a" />
    <item id="a119" class="a" />
    <item id="a120" class="a" />
    <item id="a121" class="a" />
    <item id="a122" class="a" />
    <item id="a123" class="a" />
    <item id="a124" class="a" />
    <item id="a125" class="a" />
    <item id="a126" class="a" />
    <item id="a127" class="a" />
    <item id="a128" class="a" />
    <item id="a129" class="a" />
    <item id="a130" class="a" />
    <item id="a131" class="a" />
    <item id="a132" class="a" />
    <item id="a133" class="a" />
    <item id="a134" class="a" />
    <item id="a135" class="a" />
    <item id="a136" class="a" />
    <item id="a137" class="a" />
    <item id="a138" class="a" />
    <item id="a139" class="a" />
    <item id="a140" class="a" />
    <item id="a141" class="a" />
    <item id="a142" class="a" />
    <item id="a143" class="a" />
    <item id="a144" class="a" />
    <item id="a145" class="a" />
    <item id="a146" class="a" />
    <item id="a147" class="a" />
    <item id="a148" class="a" />
    <item id="a149" class="a" />
    <item id="a150" class="a" />
    <item id="a151" class="a" />
    <item id="a152" class="a" />
    <item id="a153" class="a" />
    <item id="a154" class="a" />
    <item id="a155" class="a" />
    <item id="a156" class="a" />
    <item id="a157" class="a" />
    <item id="a158" class="a" />
    <item id="a159" class="a" />
    <item id="a160" class="a" />
    <item id="a161" class="a" />
    <item id="a162" class="a" />
    <item id="a163" class="a" />
    <item id="a164" class="a" />
    <item id="a165" class="a" />
    <item id="a166" class="a" />
    <item id="a167" class="a" />
    <item id="a168" class="a" />
    <item id="a169" class="a" />
    <item id="a170" class="a" />
    <item id="a171" class="a" />
    <item id="a172" class="a" />
    <item id="a173" class="a" />
    <item id="a174" class="a" />
    <item id="a175" class="a" />
    <item id="a176" class="a" />
    <item id="a177" class="a" />
    <item id="a178" class="a" />
    <item id="a179" class="a" />
    <item id="a180" class="a" />
    <item id="a181" class="a" />
    <item id="a182" class="a" />
    <item id="a183" class="a" />
    <item id="a184" class="a" />
    <item id="a185" class="a" />
    <item id="a186" class="a" />
    <item id="a187" class="a" />
    <item id="a188" class="a" />
    <item id="a189" class="a" />
    <item id="a190" class="a" />
    <item id="a191" class="a" />
    <item id="a192" class="a" />
    <item id="a193" class="a" />
    <item id="a194" class="a" />
    <item id="a195" class="a" />
    <item id="a196" class="a" />
    <item id="a197" class="a" />
    <item id="a198" class="a" />
    <item id="a199" class="a" />
    <item id="b100" class="b" />
    <item id="b101" class="b" />
    <item id="b102" class="b" />
    <item id="b103" class="b" />
    <item id="b104" class="b" />
    <item id="b105" class="b" />
    <item id="b106" class="b" />
    <item id="b107" class="b" />
    <item id="b108" class="b" />
    <item id="b109" class="b" />
    <item id="b110" class="b" />
    <item id="b111" class="b" />
    <item id="b112" class="b" />
    <item id="b113" class="b" />
    <item id="b114" class="b" />
    <item id="b115" class="b" />
    <item id="b116" class="b" />
    <item id="b117" class="b" />
    <item id="b118" class="b" />
    <item id="b119" class="b" />
    <item id="b120" class="b" />
    <item id="b121" class="b" />
    <item id="b122" class="b" />
    <item id="b123" class="b" />
    <item id="b124" class="b" />
    <item id="b125" class="b" />
    <item id="b126" class="b" />
    <item id="b127" class="b" />
    <item id="b128" class="b" />
    <item id="b129" class="b" />
    <item id="b130" class="b" />
    <item id="b131" class="b" />
    <item id="b132" class="b" />
    <item id="b133" class="b" />
    <item id="b134" class="b" />
    <item id="b135" class="b" />
    <item id="b136" class="b" />
    <item id="b137" class="b" />
    <item id="b138" class="b" />
    <item id="b139" class="b" />
    <item id="b140" class="b" />
    <item id="b141" class="b" />
    <item id="b142" class="b" />
    <item id="b143" class="b" />
    <item id="b144" class="b" />
    <item id="b145" class="b" />
    <item id="b146" class="b" />
    <item id="b147" class="b" />
    <item id="b148" class="b" />
    <item id="b149" class="b" />
    <item id="b150" class="b" />
    <item id="b151" class="b" />
    <item id="b152" class="b" />
    <item id="b153" class="b" />
    <item id="b154" class="b" />
    <item id="b155" class="b" />
    <item id="b156" class="b" />
    <item id="b157" class="b" />
    <item id="b158" class="b" />
    <item id="b159" class="b" />
    <item id="b160" class="b" />
    <item id="b161" class="b" />
    <item id="b162" class="b" />
    <item id="b163" class="b" />
    <item id="b164" class="b" />
    <item id="b165" class="b" />
    <item id="b166" class="b" />
    <item id="b167" class="b" />
    <item id="b168" class="b" />
    <item id="b169" class="b" />
    <item id="b170" class="b" />
    <item id="b171" class="b" />
    <item id="b172" class="b" />
    <item id="b173" class="b" />
    <item id="b174" class="b" />
    <item id="b175" class="b" />
    <item id="b176" class="b" />
    <item id="b177" class="b" />
    <item id="b178" class="b" />
    <item id="b179" class="b" />
    <item id="b180" class="b" />
    <item id="b181" class="b" />
    <item id="b182" class="b" />
    <item id="b183" class="b" />
    <item id="b184" class="b" />
    <item id="b185" class="b" />
    <item id="b186" class="b" />
    <item id="b187" class="b" />
    <item id="b188" class="b" />
    <item id="b189" class="b" />
    <item id="b190" class="b" />
    <item id="b191" class="b" />
    <item id="b192" class="b" />
    <item id="b193" class="b" />
    <item id="b194" class="b" />
    <item id="b195" class="b" />
    <item id="b196" class="b" />
    <item id="b197" class="b" />
    <item id="b198" class="b" />
    <item id="b199" class="b" />

    <item id="c100" class="c" />
    <item id="c101" class="c" />
    <item id="c102" class="c" />
    <item id="c103" class="c" />
    <item id="c104" class="c" />
    <item id="c105" class="c" />
    <item id="c106" class="c" />
    <item id="c107" class="c" />
    <item id="c108" class="c" />
    <item id="c109" class="c" />
    <item id="c110" class="c" />
    <item id="c111" class="c" />
    <item id="c112" class="c" />
    <item id="c113" class="c" />
    <item id="c114" class="c" />
    <item id="c115" class="c" />
    <item id="c116" class="c" />
    <item id="c117" class="c" />
    <item id="c118" class="c" />
    <item id="c119" class="c" />
    <item id="c120" class="c" />
    <item id="c121" class="c" />
    <item id="c122" class="c" />
    <item id="c123" class="c" />
    <item id="c124" class="c" />
    <item id="c125" class="c" />
    <item id="c126" class="c" />
    <item id="c127" class="c" />
    <item id="c128" class="c" />
    <item id="c129" class="c" />
    <item id="c130" class="c" />
    <item id="c131" class="c" />
    <item id="c132" class="c" />
    <item id="c133" class="c" />
    <item id="c134" class="c" />
    <item id="c135" class="c" />
    <item id="c136" class="c" />
    <item id="c137" class="c" />
    <item id="c138" class="c" />
    <item id="c139" class="c" />
    <item id="c140" class="c" />
    <item id="c141" class="c" />
    <item id="c142" class="c" />
    <item id="c143" class="c" />
    <item id="c144" class="c" />
    <item id="c145" class="c" />
    <item id="c146" class="c" />
    <item id="c147" class="c" />
    <item id="c148" class="c" />
    <item id="c149" class="c" />
    <item id="c150" class="c" />
    <item id="c151" class="c" />
    <item id="c152" class="c" />
    <item id="c153" class="c" />
    <item id="c154" class="c" />
    <item id="c155" class="c" />
    <item id="c156" class="c" />
    <item id="c157" class="c" />
    <item id="c158" class="c" />
    <item id="c159" class="c" />
    <item id="c160" class="c" />
    <item id="c161" class="c" />
    <item id="c162" class="c" />
    <item id="c163" class="c" />
    <item id="c164" class="c" />
    <item id="c165" class="c" />
    <item id="c166" class="c" />
    <item id="c167" class="c" />
    <item id="c168" class="c" />
    <item id="c169" class="c" />
    <item id="c170" class="c" />
    <item id="c171" class="c" />
    <item id="c172" class="c" />
    <item id="c173" class="c" />
    <item id="c174" class="c" />
    <item id="c175" class="c" />
    <item id="c176" class="c" />
    <item id="c177" class="c" />
    <item id="c178" class="c" />
    <item id="c179" class="c" />
    <item id="c180" class="c" />
    <item id="c181" class="c" />
    <item id="c182" class="c" />
    <item id="c183" class="c" />
    <item id="c184" class="c" />
    <item id="c185" class="c" />
    <item id="c186" class="c" />
    <item id="c187" class="c" />
    <item id="c188" class="c" />
    <item id="c189" class="c" />
    <item id="c190" class="c" />
    <item id="c191" class="c" />
    <item id="c192" class="c" />
    <item id="c193" class="c" />
    <item id="c194" class="c" />
    <item id="c195" class="c" />
    <item id="c196" class="c" />
    <item id="c197" class="c" />
    <item id="c198" class="c" />
    <item id="c199" class="c" />
    <item id="d100" class="d" />
    <item id="d101" class="d" />
    <item id="d102" class="d" />
    <item id="d103" class="d" />
    <item id="d104" class="d" />
    <item id="d105" class="d" />
    <item id="d106" class="d" />
    <item id="d107" class="d" />
    <item id="d108" class="d" />
    <item id="d109" class="d" />
    <item id="d110" class="d" />
    <item id="d111" class="d" />
    <item id="d112" class="d" />
    <item id="d113" class="d" />
    <item id="d114" class="d" />
    <item id="d115" class="d" />
    <item id="d116" class="d" />
    <item id="d117" class="d" />
    <item id="d118" class="d" />
    <item id="d119" class="d" />
    <item id="d120" class="d" />
    <item id="d121" class="d" />
    <item id="d122" class="d" />
    <item id="d123" class="d" />
    <item id="d124" class="d" />
    <item id="d125" class="d" />
    <item id="d126" class="d" />
    <item id="d127" class="d" />
    <item id="d128" class="d" />
    <item id="d129" class="d" />
    <item id="d130" class="d" />
    <item id="d131" class="d" />
    <item id="d132" class="d" />
    <item id="d133" class="d" />
    <item id="d134" class="d" />
    <item id="d135" class="d" />
    <item id="d136" class="d" />
    <item id="d137" class="d" />
    <item id="d138" class="d" />
    <item id="d139" class="d" />
    <item id="d140" class="d" />
    <item id="d141" class="d" />
    <item id="d142" class="d" />
    <item id="d143" class="d" />
    <item id="d144" class="d" />
    <item id="d145" class="d" />
    <item id="d146" class="d" />
    <item id="d147" class="d" />
    <item id="d148" class="d" />
    <item id="d149" class="d" />
    <item id="d150" class="d" />
    <item id="d151" class="d" />
    <item id="d152" class="d" />
    <item id="d153" class="d" />
    <item id="d154" class="d" />
    <item id="d155" class="d" />
    <item id="d156" class="d" />
    <item id="d157" class="d" />
    <item id="d158" class="d" />
    <item id="d159" class="d" />
    <item id="d160" class="d" />
    <item id="d161" class="d" />
    <item id="d162" class="d" />
    <item id="d163" class="d" />
    <item id="d164" class="d" />
    <item id="d165" class="d" />
    <item id="d166" class="d" />
    <item id="d167" class="d" />
    <item id="d168" class="d" />
    <item id="d169" class="d" />
    <item id="d170" class="d" />
    <item id="d171" class="d" />
    <item id="d172" class="d" />
    <item id="d173" class="d" />
    <item id="d174" class="d" />
    <item id="d175" class="d" />
    <item id="d176" class="d" />
    <item id="d177" class="d" />
    <item id="d178" class="d" />
    <item id="d179" class="d" />
    <item id="d180" class="d" />
    <item id="d181" class="d" />
    <item id="d182" class="d" />
    <item id="d183" class="d" />
    <item id="d184" class="d" />
    <item id="d185" class="d" />
    <item id="d186" class="d" />
    <item id="d187" class="d" />
    <item id="d188" class="d" />
    <item id="d189" class="d" />
    <item id="d190" class="d" />
    <item id="d191" class="d" />
    <item id="d192" class="d" />
    <item id="d193" class="d" />
    <item id="d194" class="d" />
    <item id="d195" class="d" />
    <item id="d196" class="d" />
    <item id="d197" class="d" />
    <item id="d198" class="d" />
    <item id="d199" class="d" />
    <item id="e100" class="e" />
    <item id="e101" class="e" />
    <item id="e102" class="e" />
    <item id="e103" class="e" />
    <item id="e104" class="e" />
    <item id="e105" class="e" />
    <item id="e106" class="e" />
    <item id="e107" class="e" />
    <item id="e108" class="e" />
    <item id="e109" class="e" />
    <item id="e110" class="e" />
    <item id="e111" class="e" />
    <item id="e112" class="e" />
    <item id="e113" class="e" />
    <item id="e114" class="e" />
    <item id="e115" class="e" />
    <item id="e116" class="e" />
    <item id="e117" class="e" />
    <item id="e118" class="e" />
    <item id="e119" class="e" />
    <item id="e120" class="e" />
    <item id="e121" class="e" />
    <item id="e122" class="e" />
    <item id="e123" class="e" />
    <item id="e124" class="e" />
    <item id="e125" class="e" />
    <item id="e126" class="e" />
    <item id="e127" class="e" />
    <item id="e128" class="e" />
    <item id="e129" class="e" />
    <item id="e130" class="e" />
    <item id="e131" class="e" />
    <item id="e132" class="e" />
    <item id="e133" class="e" />
    <item id="e134" class="e" />
    <item id="e135" class="e" />
    <item id="e136" class="e" />
    <item id="e137" class="e" />
    <item id="e138" class="e" />
    <item id="e139" class="e" />
    <item id="e140" class="e" />
    <item id="e141" class="e" />
    <item id="e142" class="e" />
    <item id="e143" class="e" />
    <item id="e144" class="e" />
    <item id="e145" class="e" />
    <item id="e146" class="e" />
    <item id="e147" class="e" />
    <item id="e148" class="e" />
    <item id="e149" class="e" />
    <item id="e150" class="e" />
    <item id="e151" class="e" />
    <item id="e152" class="e" />
    <item id="e153" class="e" />
    <item id="e154" class="e" />
    <item id="e155" class="e" />
    <item id="e156" class="e" />
    <item id="e157" class="e" />
    <item id="e158" class="e" />
    <item id="e159" class="e" />
    <item id="e160" class="e" />
    <item id="e161" class="e" />
    <item id="e162" class="e" />
    <item id="e163" class="e" />
    <item id="e164" class="e" />
    <item id="e165" class="e" />
    <item id="e166" class="e" />
    <item id="e167" class="e" />
    <item id="e168" class="e" />
    <item id="e169" class="e" />
    <item id="e170" class="e" />
    <item id="e171" class="e" />
    <item id="e172" class="e" />
    <item id="e173" class="e" />
    <item id="e174" class="e" />
    <item id="e175" class="e" />
    <item id="e176" class="e" />
    <item id="e177" class="e" />
    <item id="e178" class="e" />
    <item id="e179" class="e" />
    <item id="e180" class="e" />
    <item id="e181" class="e" />
    <item id="e182" class="e" />
    <item id="e183" class="e" />
    <item id="e184" class="e" />
    <item id="e185" class="e" />
    <item id="e186" class="e" />
    <item id="e187" class="e" />
    <item id="e188" class="e" />
    <item id="e189" class="e" />
    <item id="e190" class="e" />
    <item id="e191" class="e" />
    <item id="e192" class="e" />
    <item id="e193" class="e" />
    <item id="e194" class="e" />
    <item id="e195" class="e" />
    <item id="e196" class="e" />
    <item id="e197" class="e" />
    <item id="e198" class="e" />
    <item id="e199" class="e" />
  </items>
</document>